<?xml version="1.0" encoding="UTF-8"?>
<Site BuildName="Linux-c++"
	BuildStamp="20240818-1124-Experimental"
	Name="grsource"
	Generator="ctest-3.22.1"
	CompilerName="/usr/bin/c++"
	CompilerVersion="11.4.0"
	OSName="Linux"
	Hostname="grsource"
	OSRelease="6.8.0-40-generic"
	OSVersion="#40~22.04.3-Ubuntu SMP PREEMPT_DYNAMIC Tue Jul 30 17:30:19 UTC 2"
	OSPlatform="x86_64"
	Is64Bits="1"
	VendorString="GenuineIntel"
	VendorID="Intel Corporation"
	FamilyID="6"
	ModelID="142"
	ProcessorCacheSize="4096"
	NumberOfLogicalCPU="4"
	NumberOfPhysicalCPU="2"
	TotalVirtualMemory="4169"
	TotalPhysicalMemory="11704"
	LogicalProcessorsPerPhysical="2"
	ProcessorClockFrequency="3699.99"
	>
	<Testing>
		<StartDateTime>Aug 18 08:24 -03</StartDateTime>
		<StartTestTime>1723980264</StartTestTime>
		<TestList/>
		<EndDateTime>Aug 18 08:24 -03</EndDateTime>
		<EndTestTime>1723980264</EndTestTime>
		<ElapsedMinutes>0</ElapsedMinutes>
	</Testing>
</Site>
