<?xml version="1.0" encoding="UTF-8"?>
<Site BuildName="Linux-c++"
	BuildStamp="20240805-1544-Experimental"
	Name="grsource"
	Generator="ctest-3.22.1"
	CompilerName="/usr/bin/c++"
	CompilerVersion="11.4.0"
	OSName="Linux"
	Hostname="grsource"
	OSRelease="6.5.0-45-generic"
	OSVersion="#45~22.04.1-Ubuntu SMP PREEMPT_DYNAMIC Mon Jul 15 16:40:02 UTC 2"
	OSPlatform="x86_64"
	Is64Bits="1"
	VendorString="GenuineIntel"
	VendorID="Intel Corporation"
	FamilyID="6"
	ModelID="142"
	ProcessorCacheSize="4096"
	NumberOfLogicalCPU="4"
	NumberOfPhysicalCPU="2"
	TotalVirtualMemory="4169"
	TotalPhysicalMemory="11694"
	LogicalProcessorsPerPhysical="2"
	ProcessorClockFrequency="3700.01"
	>
	<Testing>
		<StartDateTime>Aug 05 12:44 -03</StartDateTime>
		<StartTestTime>1722872682</StartTestTime>
		<TestList/>
		<EndDateTime>Aug 05 12:44 -03</EndDateTime>
		<EndTestTime>1722872682</EndTestTime>
		<ElapsedMinutes>0</ElapsedMinutes>
	</Testing>
</Site>
